DKMS make.log for vboxhost-5.1.22_OSE for kernel 4.12.0-1-MANJARO (x86_64)
Sun May 14 13:46:50 CEST 2017
make: Entering directory '/usr/lib/modules/4.12.0-1-MANJARO/build'
  LD      /home/phil/dev/git/manjaro/repositories/extra/linux412-extramodules/_broken/virtualbox-modules/src/dkms/vboxhost/5.1.22_OSE/build/built-in.o
  LD      /home/phil/dev/git/manjaro/repositories/extra/linux412-extramodules/_broken/virtualbox-modules/src/dkms/vboxhost/5.1.22_OSE/build/vboxnetflt/built-in.o
  LD      /home/phil/dev/git/manjaro/repositories/extra/linux412-extramodules/_broken/virtualbox-modules/src/dkms/vboxhost/5.1.22_OSE/build/vboxpci/built-in.o
  LD      /home/phil/dev/git/manjaro/repositories/extra/linux412-extramodules/_broken/virtualbox-modules/src/dkms/vboxhost/5.1.22_OSE/build/vboxnetadp/built-in.o
  CC [M]  /home/phil/dev/git/manjaro/repositories/extra/linux412-extramodules/_broken/virtualbox-modules/src/dkms/vboxhost/5.1.22_OSE/build/vboxnetflt/linux/VBoxNetFlt-linux.o
  CC [M]  /home/phil/dev/git/manjaro/repositories/extra/linux412-extramodules/_broken/virtualbox-modules/src/dkms/vboxhost/5.1.22_OSE/build/vboxnetadp/VBoxNetAdp.o
  LD      /home/phil/dev/git/manjaro/repositories/extra/linux412-extramodules/_broken/virtualbox-modules/src/dkms/vboxhost/5.1.22_OSE/build/vboxdrv/built-in.o
  CC [M]  /home/phil/dev/git/manjaro/repositories/extra/linux412-extramodules/_broken/virtualbox-modules/src/dkms/vboxhost/5.1.22_OSE/build/vboxpci/VBoxPci.o
  CC [M]  /home/phil/dev/git/manjaro/repositories/extra/linux412-extramodules/_broken/virtualbox-modules/src/dkms/vboxhost/5.1.22_OSE/build/vboxnetadp/linux/VBoxNetAdp-linux.o
  CC [M]  /home/phil/dev/git/manjaro/repositories/extra/linux412-extramodules/_broken/virtualbox-modules/src/dkms/vboxhost/5.1.22_OSE/build/vboxpci/linux/VBoxPci-linux.o
  CC [M]  /home/phil/dev/git/manjaro/repositories/extra/linux412-extramodules/_broken/virtualbox-modules/src/dkms/vboxhost/5.1.22_OSE/build/vboxnetflt/VBoxNetFlt.o
  CC [M]  /home/phil/dev/git/manjaro/repositories/extra/linux412-extramodules/_broken/virtualbox-modules/src/dkms/vboxhost/5.1.22_OSE/build/vboxpci/SUPR0IdcClient.o
  CC [M]  /home/phil/dev/git/manjaro/repositories/extra/linux412-extramodules/_broken/virtualbox-modules/src/dkms/vboxhost/5.1.22_OSE/build/vboxdrv/linux/SUPDrv-linux.o
  CC [M]  /home/phil/dev/git/manjaro/repositories/extra/linux412-extramodules/_broken/virtualbox-modules/src/dkms/vboxhost/5.1.22_OSE/build/vboxnetflt/SUPR0IdcClient.o
  CC [M]  /home/phil/dev/git/manjaro/repositories/extra/linux412-extramodules/_broken/virtualbox-modules/src/dkms/vboxhost/5.1.22_OSE/build/vboxnetflt/SUPR0IdcClientComponent.o
  CC [M]  /home/phil/dev/git/manjaro/repositories/extra/linux412-extramodules/_broken/virtualbox-modules/src/dkms/vboxhost/5.1.22_OSE/build/vboxpci/SUPR0IdcClientComponent.o
  CC [M]  /home/phil/dev/git/manjaro/repositories/extra/linux412-extramodules/_broken/virtualbox-modules/src/dkms/vboxhost/5.1.22_OSE/build/vboxpci/linux/SUPR0IdcClient-linux.o
  CC [M]  /home/phil/dev/git/manjaro/repositories/extra/linux412-extramodules/_broken/virtualbox-modules/src/dkms/vboxhost/5.1.22_OSE/build/vboxdrv/SUPDrv.o
  CC [M]  /home/phil/dev/git/manjaro/repositories/extra/linux412-extramodules/_broken/virtualbox-modules/src/dkms/vboxhost/5.1.22_OSE/build/vboxnetflt/linux/SUPR0IdcClient-linux.o
  CC [M]  /home/phil/dev/git/manjaro/repositories/extra/linux412-extramodules/_broken/virtualbox-modules/src/dkms/vboxhost/5.1.22_OSE/build/vboxdrv/SUPDrvGip.o
  CC [M]  /home/phil/dev/git/manjaro/repositories/extra/linux412-extramodules/_broken/virtualbox-modules/src/dkms/vboxhost/5.1.22_OSE/build/vboxdrv/SUPDrvSem.o
  CC [M]  /home/phil/dev/git/manjaro/repositories/extra/linux412-extramodules/_broken/virtualbox-modules/src/dkms/vboxhost/5.1.22_OSE/build/vboxdrv/SUPDrvTracer.o
  CC [M]  /home/phil/dev/git/manjaro/repositories/extra/linux412-extramodules/_broken/virtualbox-modules/src/dkms/vboxhost/5.1.22_OSE/build/vboxdrv/SUPLibAll.o
  CC [M]  /home/phil/dev/git/manjaro/repositories/extra/linux412-extramodules/_broken/virtualbox-modules/src/dkms/vboxhost/5.1.22_OSE/build/vboxdrv/r0drv/alloc-r0drv.o
  CC [M]  /home/phil/dev/git/manjaro/repositories/extra/linux412-extramodules/_broken/virtualbox-modules/src/dkms/vboxhost/5.1.22_OSE/build/vboxdrv/r0drv/initterm-r0drv.o
  CC [M]  /home/phil/dev/git/manjaro/repositories/extra/linux412-extramodules/_broken/virtualbox-modules/src/dkms/vboxhost/5.1.22_OSE/build/vboxdrv/r0drv/memobj-r0drv.o
  CC [M]  /home/phil/dev/git/manjaro/repositories/extra/linux412-extramodules/_broken/virtualbox-modules/src/dkms/vboxhost/5.1.22_OSE/build/vboxdrv/r0drv/mpnotification-r0drv.o
  CC [M]  /home/phil/dev/git/manjaro/repositories/extra/linux412-extramodules/_broken/virtualbox-modules/src/dkms/vboxhost/5.1.22_OSE/build/vboxdrv/r0drv/powernotification-r0drv.o
  CC [M]  /home/phil/dev/git/manjaro/repositories/extra/linux412-extramodules/_broken/virtualbox-modules/src/dkms/vboxhost/5.1.22_OSE/build/vboxdrv/r0drv/linux/assert-r0drv-linux.o
  CC [M]  /home/phil/dev/git/manjaro/repositories/extra/linux412-extramodules/_broken/virtualbox-modules/src/dkms/vboxhost/5.1.22_OSE/build/vboxdrv/r0drv/linux/alloc-r0drv-linux.o
  CC [M]  /home/phil/dev/git/manjaro/repositories/extra/linux412-extramodules/_broken/virtualbox-modules/src/dkms/vboxhost/5.1.22_OSE/build/vboxdrv/r0drv/linux/initterm-r0drv-linux.o
  CC [M]  /home/phil/dev/git/manjaro/repositories/extra/linux412-extramodules/_broken/virtualbox-modules/src/dkms/vboxhost/5.1.22_OSE/build/vboxdrv/r0drv/linux/memobj-r0drv-linux.o
  CC [M]  /home/phil/dev/git/manjaro/repositories/extra/linux412-extramodules/_broken/virtualbox-modules/src/dkms/vboxhost/5.1.22_OSE/build/vboxdrv/r0drv/linux/memuserkernel-r0drv-linux.o
  LD [M]  /home/phil/dev/git/manjaro/repositories/extra/linux412-extramodules/_broken/virtualbox-modules/src/dkms/vboxhost/5.1.22_OSE/build/vboxnetadp/vboxnetadp.o
  CC [M]  /home/phil/dev/git/manjaro/repositories/extra/linux412-extramodules/_broken/virtualbox-modules/src/dkms/vboxhost/5.1.22_OSE/build/vboxdrv/r0drv/linux/mp-r0drv-linux.o
  CC [M]  /home/phil/dev/git/manjaro/repositories/extra/linux412-extramodules/_broken/virtualbox-modules/src/dkms/vboxhost/5.1.22_OSE/build/vboxdrv/r0drv/linux/mpnotification-r0drv-linux.o
  CC [M]  /home/phil/dev/git/manjaro/repositories/extra/linux412-extramodules/_broken/virtualbox-modules/src/dkms/vboxhost/5.1.22_OSE/build/vboxdrv/r0drv/linux/process-r0drv-linux.o
In file included from /home/phil/dev/git/manjaro/repositories/extra/linux412-extramodules/_broken/virtualbox-modules/src/dkms/vboxhost/5.1.22_OSE/build/vboxdrv/r0drv/linux/alloc-r0drv-linux.c:31:0:
/home/phil/dev/git/manjaro/repositories/extra/linux412-extramodules/_broken/virtualbox-modules/src/dkms/vboxhost/5.1.22_OSE/build/vboxdrv/r0drv/linux/alloc-r0drv-linux.c: In function 'VBoxHost_RTMemContAlloc':
/home/phil/dev/git/manjaro/repositories/extra/linux412-extramodules/_broken/virtualbox-modules/src/dkms/vboxhost/5.1.22_OSE/build/vboxdrv/r0drv/linux/the-linux-kernel.h:323:47: error: implicit declaration of function 'set_pages_x' [-Werror=implicit-function-declaration]
 # define MY_SET_PAGES_EXEC(pPages, cPages)    set_pages_x(pPages, cPages)
                                               ^
/home/phil/dev/git/manjaro/repositories/extra/linux412-extramodules/_broken/virtualbox-modules/src/dkms/vboxhost/5.1.22_OSE/build/vboxdrv/r0drv/linux/alloc-r0drv-linux.c:445:13: note: in expansion of macro 'MY_SET_PAGES_EXEC'
             MY_SET_PAGES_EXEC(&paPages[iPage], 1);
             ^~~~~~~~~~~~~~~~~
/home/phil/dev/git/manjaro/repositories/extra/linux412-extramodules/_broken/virtualbox-modules/src/dkms/vboxhost/5.1.22_OSE/build/vboxdrv/r0drv/linux/alloc-r0drv-linux.c: In function 'VBoxHost_RTMemContFree':
/home/phil/dev/git/manjaro/repositories/extra/linux412-extramodules/_broken/virtualbox-modules/src/dkms/vboxhost/5.1.22_OSE/build/vboxdrv/r0drv/linux/the-linux-kernel.h:324:47: error: implicit declaration of function 'set_pages_nx' [-Werror=implicit-function-declaration]
 # define MY_SET_PAGES_NOEXEC(pPages, cPages)  set_pages_nx(pPages, cPages)
                                               ^
/home/phil/dev/git/manjaro/repositories/extra/linux412-extramodules/_broken/virtualbox-modules/src/dkms/vboxhost/5.1.22_OSE/build/vboxdrv/r0drv/linux/alloc-r0drv-linux.c:493:13: note: in expansion of macro 'MY_SET_PAGES_NOEXEC'
             MY_SET_PAGES_NOEXEC(&paPages[iPage], 1);
             ^~~~~~~~~~~~~~~~~~~
  CC [M]  /home/phil/dev/git/manjaro/repositories/extra/linux412-extramodules/_broken/virtualbox-modules/src/dkms/vboxhost/5.1.22_OSE/build/vboxdrv/r0drv/linux/rtStrFormatKernelAddress-r0drv-linux.o
cc1: some warnings being treated as errors
make[2]: *** [scripts/Makefile.build:303: /home/phil/dev/git/manjaro/repositories/extra/linux412-extramodules/_broken/virtualbox-modules/src/dkms/vboxhost/5.1.22_OSE/build/vboxdrv/r0drv/linux/alloc-r0drv-linux.o] Error 1
make[2]: *** Waiting for unfinished jobs....
  CC [M]  /home/phil/dev/git/manjaro/repositories/extra/linux412-extramodules/_broken/virtualbox-modules/src/dkms/vboxhost/5.1.22_OSE/build/vboxdrv/r0drv/linux/semevent-r0drv-linux.o
  LD [M]  /home/phil/dev/git/manjaro/repositories/extra/linux412-extramodules/_broken/virtualbox-modules/src/dkms/vboxhost/5.1.22_OSE/build/vboxpci/vboxpci.o
/home/phil/dev/git/manjaro/repositories/extra/linux412-extramodules/_broken/virtualbox-modules/src/dkms/vboxhost/5.1.22_OSE/build/vboxdrv/r0drv/linux/memobj-r0drv-linux.c: In function 'rtR0MemObjLinuxVirtToPage':
/home/phil/dev/git/manjaro/repositories/extra/linux412-extramodules/_broken/virtualbox-modules/src/dkms/vboxhost/5.1.22_OSE/build/vboxdrv/r0drv/linux/memobj-r0drv-linux.c:922:27: error: passing argument 1 of 'pud_offset' from incompatible pointer type [-Werror=incompatible-pointer-types]
     u.Upper = *pud_offset(&u.Global, ulAddr);
                           ^
In file included from ./include/linux/mm.h:70:0,
                 from /home/phil/dev/git/manjaro/repositories/extra/linux412-extramodules/_broken/virtualbox-modules/src/dkms/vboxhost/5.1.22_OSE/build/vboxdrv/r0drv/linux/the-linux-kernel.h:98,
                 from /home/phil/dev/git/manjaro/repositories/extra/linux412-extramodules/_broken/virtualbox-modules/src/dkms/vboxhost/5.1.22_OSE/build/vboxdrv/r0drv/linux/memobj-r0drv-linux.c:31:
./arch/x86/include/asm/pgtable.h:826:22: note: expected 'p4d_t * {aka struct <anonymous> *}' but argument is of type 'pgd_t * {aka struct <anonymous> *}'
 static inline pud_t *pud_offset(p4d_t *p4d, unsigned long address)
                      ^~~~~~~~~~
  LD [M]  /home/phil/dev/git/manjaro/repositories/extra/linux412-extramodules/_broken/virtualbox-modules/src/dkms/vboxhost/5.1.22_OSE/build/vboxnetflt/vboxnetflt.o
cc1: some warnings being treated as errors
make[2]: *** [scripts/Makefile.build:302: /home/phil/dev/git/manjaro/repositories/extra/linux412-extramodules/_broken/virtualbox-modules/src/dkms/vboxhost/5.1.22_OSE/build/vboxdrv/r0drv/linux/memobj-r0drv-linux.o] Error 1
/home/phil/dev/git/manjaro/repositories/extra/linux412-extramodules/_broken/virtualbox-modules/src/dkms/vboxhost/5.1.22_OSE/build/vboxdrv/r0drv/linux/memuserkernel-r0drv-linux.o: warning: objtool: .fixup: unexpected end of section
make[1]: *** [scripts/Makefile.build:561: /home/phil/dev/git/manjaro/repositories/extra/linux412-extramodules/_broken/virtualbox-modules/src/dkms/vboxhost/5.1.22_OSE/build/vboxdrv] Error 2
make: *** [Makefile:1512: _module_/home/phil/dev/git/manjaro/repositories/extra/linux412-extramodules/_broken/virtualbox-modules/src/dkms/vboxhost/5.1.22_OSE/build] Error 2
make: Leaving directory '/usr/lib/modules/4.12.0-1-MANJARO/build'
